# JRE version: Java(TM) SE Runtime Environment (11.0.2+9) (build 11.0.2+9-LTS)
# Java VM: Java HotSpot(TM) 64-Bit Server VM (11.0.2+9-LTS, mixed mode, tiered, compressed oops, g1 gc, linux-amd64)
Heap:
 garbage-first heap   total 380928K, used 49603K [0x00000000c2a00000, 0x0000000100000000)
  region size 1024K, 2 young (2048K), 2 survivors (2048K)
 Metaspace       used 6719K, capacity 6784K, committed 7040K, reserved 1056768K
  class space    used 560K, capacity 576K, committed 640K, reserved 1048576K
GC Heap History (10 events):
Event: 0.279 GC heap after
{Heap after GC invocations=4 (full 0):
 garbage-first heap   total 63488K, used 20622K [0x00000000c2a00000, 0x0000000100000000)
  region size 1024K, 4 young (4096K), 4 survivors (4096K)
 Metaspace       used 6695K, capacity 6780K, committed 7040K, reserved 1056768K
  class space    used 557K, capacity 572K, committed 640K, reserved 1048576K
}
Event: 0.294 GC heap before
{Heap before GC invocations=4 (full 0):
 garbage-first heap   total 63488K, used 42126K [0x00000000c2a00000, 0x0000000100000000)
  region size 1024K, 25 young (25600K), 4 survivors (4096K)
 Metaspace       used 6695K, capacity 6780K, committed 7040K, reserved 1056768K
  class space    used 557K, capacity 572K, committed 640K, reserved 1048576K
}
Event: 0.304 GC heap after
{Heap after GC invocations=5 (full 0):
 garbage-first heap   total 126976K, used 23609K [0x00000000c2a00000, 0x0000000100000000)
  region size 1024K, 4 young (4096K), 4 survivors (4096K)
 Metaspace       used 6695K, capacity 6780K, committed 7040K, reserved 1056768K
  class space    used 557K, capacity 572K, committed 640K, reserved 1048576K
}
Event: 0.360 GC heap before
{Heap before GC invocations=5 (full 0):
 garbage-first heap   total 126976K, used 61497K [0x00000000c2a00000, 0x0000000100000000)
  region size 1024K, 40 young (40960K), 4 survivors (4096K)
 Metaspace       used 6695K, capacity 6780K, committed 7040K, reserved 1056768K
  class space    used 557K, capacity 572K, committed 640K, reserved 1048576K
}
Event: 0.374 GC heap after
{Heap after GC invocations=6 (full 0):
 garbage-first heap   total 126976K, used 30037K [0x00000000c2a00000, 0x0000000100000000)
  region size 1024K, 5 young (5120K), 5 survivors (5120K)
 Metaspace       used 6695K, capacity 6780K, committed 7040K, reserved 1056768K
  class space    used 557K, capacity 572K, committed 640K, reserved 1048576K
}
Event: 0.453 GC heap before
{Heap before GC invocations=6 (full 0):
 garbage-first heap   total 126976K, used 92501K [0x00000000c2a00000, 0x0000000100000000)
  region size 1024K, 62 young (63488K), 5 survivors (5120K)
 Metaspace       used 6695K, capacity 6780K, committed 7040K, reserved 1056768K
  class space    used 557K, capacity 572K, committed 640K, reserved 1048576K
}
Event: 0.482 GC heap after
{Heap after GC invocations=7 (full 0):
 garbage-first heap   total 126976K, used 42633K [0x00000000c2a00000, 0x0000000100000000)
  region size 1024K, 8 young (8192K), 8 survivors (8192K)
 Metaspace       used 6695K, capacity 6780K, committed 7040K, reserved 1056768K
  class space    used 557K, capacity 572K, committed 640K, reserved 1048576K
}
Event: 0.526 GC heap before
{Heap before GC invocations=7 (full 0):
 garbage-first heap   total 126976K, used 86665K [0x00000000c2a00000, 0x0000000100000000)
  region size 1024K, 51 young (52224K), 8 survivors (8192K)
 Metaspace       used 6718K, capacity 6784K, committed 7040K, reserved 1056768K
  class space    used 560K, capacity 576K, committed 640K, reserved 1048576K
}
Event: 0.542 GC heap after
{Heap after GC invocations=8 (full 0):
 garbage-first heap   total 126976K, used 48049K [0x00000000c2a00000, 0x0000000100000000)
  region size 1024K, 5 young (5120K), 5 survivors (5120K)
 Metaspace       used 6718K, capacity 6784K, committed 7040K, reserved 1056768K
  class space    used 560K, capacity 576K, committed 640K, reserved 1048576K
}
Event: 0.555 GC heap before
{Heap before GC invocations=8 (full 0):
 garbage-first heap   total 126976K, used 91057K [0x00000000c2a00000, 0x0000000100000000)
  region size 1024K, 47 young (48128K), 5 survivors (5120K)
 Metaspace       used 6719K, capacity 6784K, committed 7040K, reserved 1056768K
  class space    used 560K, capacity 576K, committed 640K, reserved 1048576K
}

