# JRE version: Java(TM) SE Runtime Environment (11.0.2+9) (build 11.0.2+9-LTS)
# Java VM: Java HotSpot(TM) 64-Bit Server VM (11.0.2+9-LTS, mixed mode, tiered, compressed oops, g1 gc, linux-amd64)
Heap:
 garbage-first heap   total 423936K, used 49563K [0x00000000c2a00000, 0x0000000100000000)
  region size 1024K, 2 young (2048K), 2 survivors (2048K)
 Metaspace       used 6711K, capacity 6782K, committed 7040K, reserved 1056768K
  class space    used 560K, capacity 574K, committed 640K, reserved 1048576K
GC Heap History (10 events):
Event: 0.294 GC heap after
{Heap after GC invocations=4 (full 0):
 garbage-first heap   total 63488K, used 20215K [0x00000000c2a00000, 0x0000000100000000)
  region size 1024K, 4 young (4096K), 4 survivors (4096K)
 Metaspace       used 6688K, capacity 6780K, committed 7040K, reserved 1056768K
  class space    used 557K, capacity 572K, committed 640K, reserved 1048576K
}
Event: 0.310 GC heap before
{Heap before GC invocations=4 (full 0):
 garbage-first heap   total 63488K, used 43767K [0x00000000c2a00000, 0x0000000100000000)
  region size 1024K, 27 young (27648K), 4 survivors (4096K)
 Metaspace       used 6688K, capacity 6780K, committed 7040K, reserved 1056768K
  class space    used 557K, capacity 572K, committed 640K, reserved 1048576K
}
Event: 0.324 GC heap after
{Heap after GC invocations=5 (full 0):
 garbage-first heap   total 141312K, used 23678K [0x00000000c2a00000, 0x0000000100000000)
  region size 1024K, 4 young (4096K), 4 survivors (4096K)
 Metaspace       used 6688K, capacity 6780K, committed 7040K, reserved 1056768K
  class space    used 557K, capacity 572K, committed 640K, reserved 1048576K
}
Event: 0.378 GC heap before
{Heap before GC invocations=5 (full 0):
 garbage-first heap   total 141312K, used 60542K [0x00000000c2a00000, 0x0000000100000000)
  region size 1024K, 39 young (39936K), 4 survivors (4096K)
 Metaspace       used 6688K, capacity 6780K, committed 7040K, reserved 1056768K
  class space    used 557K, capacity 572K, committed 640K, reserved 1048576K
}
Event: 0.410 GC heap after
{Heap after GC invocations=6 (full 0):
 garbage-first heap   total 141312K, used 30188K [0x00000000c2a00000, 0x0000000100000000)
  region size 1024K, 5 young (5120K), 5 survivors (5120K)
 Metaspace       used 6688K, capacity 6780K, committed 7040K, reserved 1056768K
  class space    used 557K, capacity 572K, committed 640K, reserved 1048576K
}
Event: 0.459 GC heap before
{Heap before GC invocations=6 (full 0):
 garbage-first heap   total 141312K, used 76268K [0x00000000c2a00000, 0x0000000100000000)
  region size 1024K, 46 young (47104K), 5 survivors (5120K)
 Metaspace       used 6688K, capacity 6780K, committed 7040K, reserved 1056768K
  class space    used 557K, capacity 572K, committed 640K, reserved 1048576K
}
Event: 0.485 GC heap after
{Heap after GC invocations=7 (full 0):
 garbage-first heap   total 141312K, used 40625K [0x00000000c2a00000, 0x0000000100000000)
  region size 1024K, 6 young (6144K), 6 survivors (6144K)
 Metaspace       used 6688K, capacity 6780K, committed 7040K, reserved 1056768K
  class space    used 557K, capacity 572K, committed 640K, reserved 1048576K
}
Event: 0.514 GC heap before
{Heap before GC invocations=7 (full 0):
 garbage-first heap   total 141312K, used 85681K [0x00000000c2a00000, 0x0000000100000000)
  region size 1024K, 50 young (51200K), 6 survivors (6144K)
 Metaspace       used 6711K, capacity 6782K, committed 7040K, reserved 1056768K
  class space    used 560K, capacity 574K, committed 640K, reserved 1048576K
}
Event: 0.526 GC heap after
{Heap after GC invocations=8 (full 0):
 garbage-first heap   total 141312K, used 48033K [0x00000000c2a00000, 0x0000000100000000)
  region size 1024K, 7 young (7168K), 7 survivors (7168K)
 Metaspace       used 6711K, capacity 6782K, committed 7040K, reserved 1056768K
  class space    used 560K, capacity 574K, committed 640K, reserved 1048576K
}
Event: 0.542 GC heap before
{Heap before GC invocations=8 (full 0):
 garbage-first heap   total 141312K, used 94113K [0x00000000c2a00000, 0x0000000100000000)
  region size 1024K, 52 young (53248K), 7 survivors (7168K)
 Metaspace       used 6711K, capacity 6782K, committed 7040K, reserved 1056768K
  class space    used 560K, capacity 574K, committed 640K, reserved 1048576K
}

